<?xml version="1.0" encoding="UTF-8"?>
<coverage generated="1760744679844" clover="3.2.0">
  <project timestamp="1760744679844" name="All files">
    <metrics statements="31" coveredstatements="31" conditionals="19" coveredconditionals="19" methods="4" coveredmethods="4" elements="54" coveredelements="54" complexity="0" loc="31" ncloc="31" packages="1" files="3" classes="3"/>
    <file name="index.js" path="C:\Users\Ruben\Desktop\Pruebas\src\server\index.js">
      <metrics statements="12" coveredstatements="12" conditionals="0" coveredconditionals="0" methods="2" coveredmethods="2"/>
      <line num="1" count="2" type="stmt"/>
      <line num="2" count="2" type="stmt"/>
      <line num="3" count="2" type="stmt"/>
      <line num="5" count="2" type="stmt"/>
      <line num="8" count="2" type="stmt"/>
      <line num="9" count="2" type="stmt"/>
      <line num="12" count="2" type="stmt"/>
      <line num="15" count="2" type="stmt"/>
      <line num="16" count="1" type="stmt"/>
      <line num="20" count="2" type="stmt"/>
      <line num="21" count="1" type="stmt"/>
      <line num="24" count="2" type="stmt"/>
    </file>
    <file name="server.js" path="C:\Users\Ruben\Desktop\Pruebas\src\server\server.js">
      <metrics statements="3" coveredstatements="3" conditionals="2" coveredconditionals="2" methods="1" coveredmethods="1"/>
      <line num="1" count="1" type="stmt"/>
      <line num="2" count="1" type="cond" truecount="2" falsecount="0"/>
      <line num="4" count="1" type="stmt"/>
    </file>
    <file name="validationRegister.js" path="C:\Users\Ruben\Desktop\Pruebas\src\server\validationRegister.js">
      <metrics statements="16" coveredstatements="16" conditionals="17" coveredconditionals="17" methods="1" coveredmethods="1"/>
      <line num="1" count="3" type="stmt"/>
      <line num="2" count="8" type="stmt"/>
      <line num="5" count="8" type="cond" truecount="9" falsecount="0"/>
      <line num="6" count="1" type="stmt"/>
      <line num="10" count="7" type="stmt"/>
      <line num="11" count="7" type="cond" truecount="2" falsecount="0"/>
      <line num="12" count="1" type="stmt"/>
      <line num="16" count="6" type="cond" truecount="2" falsecount="0"/>
      <line num="17" count="1" type="stmt"/>
      <line num="21" count="5" type="cond" truecount="2" falsecount="0"/>
      <line num="22" count="2" type="stmt"/>
      <line num="26" count="3" type="stmt"/>
      <line num="27" count="3" type="cond" truecount="2" falsecount="0"/>
      <line num="28" count="1" type="stmt"/>
      <line num="31" count="2" type="stmt"/>
      <line num="34" count="3" type="stmt"/>
    </file>
  </project>
</coverage>
