{"C:\\Users\\Ruben\\Desktop\\Pruebas\\src\\server\\index.js": {"path":"C:\\Users\\Ruben\\Desktop\\Pruebas\\src\\server\\index.js","statementMap":{"0":{"start":{"line":1,"column":16},"end":{"line":1,"column":34}},"1":{"start":{"line":2,"column":13},"end":{"line":2,"column":28}},"2":{"start":{"line":3,"column":29},"end":{"line":3,"column":60}},"3":{"start":{"line":5,"column":12},"end":{"line":5,"column":21}},"4":{"start":{"line":8,"column":0},"end":{"line":8,"column":24}},"5":{"start":{"line":9,"column":0},"end":{"line":9,"column":48}},"6":{"start":{"line":12,"column":0},"end":{"line":12,"column":59}},"7":{"start":{"line":15,"column":0},"end":{"line":17,"column":3}},"8":{"start":{"line":16,"column":2},"end":{"line":16,"column":61}},"9":{"start":{"line":20,"column":0},"end":{"line":22,"column":3}},"10":{"start":{"line":21,"column":2},"end":{"line":21,"column":46}},"11":{"start":{"line":24,"column":0},"end":{"line":24,"column":21}}},"fnMap":{"0":{"name":"(anonymous_0)","decl":{"start":{"line":15,"column":13},"end":{"line":15,"column":14}},"loc":{"start":{"line":15,"column":27},"end":{"line":17,"column":1}},"line":15},"1":{"name":"(anonymous_1)","decl":{"start":{"line":20,"column":40},"end":{"line":20,"column":41}},"loc":{"start":{"line":20,"column":54},"end":{"line":22,"column":1}},"line":20}},"branchMap":{},"s":{"0":2,"1":2,"2":2,"3":2,"4":2,"5":2,"6":2,"7":2,"8":1,"9":2,"10":1,"11":2},"f":{"0":1,"1":1},"b":{},"_coverageSchema":"1a1c01bbd47fc00a2c39e90264f33305004495a9","hash":"7119367df6ab1dd77635cac246fffbfa24cc817d"}
,"C:\\Users\\Ruben\\Desktop\\Pruebas\\src\\server\\server.js": {"path":"C:\\Users\\Ruben\\Desktop\\Pruebas\\src\\server\\server.js","statementMap":{"0":{"start":{"line":1,"column":12},"end":{"line":1,"column":30}},"1":{"start":{"line":2,"column":13},"end":{"line":2,"column":37}},"2":{"start":{"line":4,"column":0},"end":{"line":4,"column":79}},"3":{"start":{"line":4,"column":23},"end":{"line":4,"column":77}}},"fnMap":{"0":{"name":"(anonymous_0)","decl":{"start":{"line":4,"column":17},"end":{"line":4,"column":18}},"loc":{"start":{"line":4,"column":23},"end":{"line":4,"column":77}},"line":4}},"branchMap":{"0":{"loc":{"start":{"line":2,"column":13},"end":{"line":2,"column":37}},"type":"binary-expr","locations":[{"start":{"line":2,"column":13},"end":{"line":2,"column":29}},{"start":{"line":2,"column":33},"end":{"line":2,"column":37}}],"line":2}},"s":{"0":1,"1":1,"2":1,"3":1},"f":{"0":1},"b":{"0":[1,1]},"_coverageSchema":"1a1c01bbd47fc00a2c39e90264f33305004495a9","hash":"101533a4da29f7d641a55cc72dd5911cf770672c"}
,"C:\\Users\\Ruben\\Desktop\\Pruebas\\src\\server\\validationRegister.js": {"path":"C:\\Users\\Ruben\\Desktop\\Pruebas\\src\\server\\validationRegister.js","statementMap":{"0":{"start":{"line":1,"column":25},"end":{"line":32,"column":1}},"1":{"start":{"line":2,"column":79},"end":{"line":2,"column":87}},"2":{"start":{"line":5,"column":2},"end":{"line":7,"column":3}},"3":{"start":{"line":6,"column":4},"end":{"line":6,"column":70}},"4":{"start":{"line":10,"column":21},"end":{"line":10,"column":49}},"5":{"start":{"line":11,"column":2},"end":{"line":13,"column":3}},"6":{"start":{"line":12,"column":4},"end":{"line":12,"column":63}},"7":{"start":{"line":16,"column":2},"end":{"line":18,"column":3}},"8":{"start":{"line":17,"column":4},"end":{"line":17,"column":64}},"9":{"start":{"line":21,"column":2},"end":{"line":23,"column":3}},"10":{"start":{"line":22,"column":4},"end":{"line":22,"column":78}},"11":{"start":{"line":26,"column":24},"end":{"line":26,"column":72}},"12":{"start":{"line":27,"column":2},"end":{"line":29,"column":3}},"13":{"start":{"line":28,"column":4},"end":{"line":28,"column":111}},"14":{"start":{"line":31,"column":2},"end":{"line":31,"column":9}},"15":{"start":{"line":34,"column":0},"end":{"line":34,"column":38}}},"fnMap":{"0":{"name":"(anonymous_0)","decl":{"start":{"line":1,"column":25},"end":{"line":1,"column":26}},"loc":{"start":{"line":1,"column":45},"end":{"line":32,"column":1}},"line":1}},"branchMap":{"0":{"loc":{"start":{"line":5,"column":2},"end":{"line":7,"column":3}},"type":"if","locations":[{"start":{"line":5,"column":2},"end":{"line":7,"column":3}},{"start":{},"end":{}}],"line":5},"1":{"loc":{"start":{"line":5,"column":6},"end":{"line":5,"column":89}},"type":"binary-expr","locations":[{"start":{"line":5,"column":6},"end":{"line":5,"column":14}},{"start":{"line":5,"column":18},"end":{"line":5,"column":28}},{"start":{"line":5,"column":32},"end":{"line":5,"column":39}},{"start":{"line":5,"column":43},"end":{"line":5,"column":47}},{"start":{"line":5,"column":51},"end":{"line":5,"column":61}},{"start":{"line":5,"column":65},"end":{"line":5,"column":74}},{"start":{"line":5,"column":78},"end":{"line":5,"column":89}}],"line":5},"2":{"loc":{"start":{"line":11,"column":2},"end":{"line":13,"column":3}},"type":"if","locations":[{"start":{"line":11,"column":2},"end":{"line":13,"column":3}},{"start":{},"end":{}}],"line":11},"3":{"loc":{"start":{"line":16,"column":2},"end":{"line":18,"column":3}},"type":"if","locations":[{"start":{"line":16,"column":2},"end":{"line":18,"column":3}},{"start":{},"end":{}}],"line":16},"4":{"loc":{"start":{"line":21,"column":2},"end":{"line":23,"column":3}},"type":"if","locations":[{"start":{"line":21,"column":2},"end":{"line":23,"column":3}},{"start":{},"end":{}}],"line":21},"5":{"loc":{"start":{"line":27,"column":2},"end":{"line":29,"column":3}},"type":"if","locations":[{"start":{"line":27,"column":2},"end":{"line":29,"column":3}},{"start":{},"end":{}}],"line":27}},"s":{"0":3,"1":8,"2":8,"3":1,"4":7,"5":7,"6":1,"7":6,"8":1,"9":5,"10":2,"11":3,"12":3,"13":1,"14":2,"15":3},"f":{"0":8},"b":{"0":[1,7],"1":[8,8,7,7,7,7,7],"2":[1,6],"3":[1,5],"4":[2,3],"5":[1,2]},"_coverageSchema":"1a1c01bbd47fc00a2c39e90264f33305004495a9","hash":"9ce1680345ce2b4fe286acc883669c97497e702f"}
}
