TN:
SF:src\server\index.js
FN:15,(anonymous_0)
FN:20,(anonymous_1)
FNF:2
FNH:2
FNDA:1,(anonymous_0)
FNDA:1,(anonymous_1)
DA:1,2
DA:2,2
DA:3,2
DA:5,2
DA:8,2
DA:9,2
DA:12,2
DA:15,2
DA:16,1
DA:20,2
DA:21,1
DA:24,2
LF:12
LH:12
BRF:0
BRH:0
end_of_record
TN:
SF:src\server\server.js
FN:4,(anonymous_0)
FNF:1
FNH:1
FNDA:1,(anonymous_0)
DA:1,1
DA:2,1
DA:4,1
LF:3
LH:3
BRDA:2,0,0,1
BRDA:2,0,1,1
BRF:2
BRH:2
end_of_record
TN:
SF:src\server\validationRegister.js
FN:1,(anonymous_0)
FNF:1
FNH:1
FNDA:8,(anonymous_0)
DA:1,3
DA:2,8
DA:5,8
DA:6,1
DA:10,7
DA:11,7
DA:12,1
DA:16,6
DA:17,1
DA:21,5
DA:22,2
DA:26,3
DA:27,3
DA:28,1
DA:31,2
DA:34,3
LF:16
LH:16
BRDA:5,0,0,1
BRDA:5,0,1,7
BRDA:5,1,0,8
BRDA:5,1,1,8
BRDA:5,1,2,7
BRDA:5,1,3,7
BRDA:5,1,4,7
BRDA:5,1,5,7
BRDA:5,1,6,7
BRDA:11,2,0,1
BRDA:11,2,1,6
BRDA:16,3,0,1
BRDA:16,3,1,5
BRDA:21,4,0,2
BRDA:21,4,1,3
BRDA:27,5,0,1
BRDA:27,5,1,2
BRF:17
BRH:17
end_of_record
